INFO [2024-10-22 17:49:19] $x
INFO [2024-10-22 17:49:19] temp
INFO [2024-10-22 17:49:19] 
INFO [2024-10-22 17:49:19] $sp.cases
INFO [2024-10-22 17:49:19] special
INFO [2024-10-22 17:49:19] 
INFO [2024-10-22 17:49:19] $filename
INFO [2024-10-22 17:49:19] NULL
INFO [2024-10-22 17:49:19] 
INFO [2024-10-22 17:49:19] $col
INFO [2024-10-22 17:49:19] [1] "black"
INFO [2024-10-22 17:49:19] 
INFO [2024-10-22 17:49:19] $fill
INFO [2024-10-22 17:49:19] c(colors[1], colors[4], colors[2], colors[3])
INFO [2024-10-22 17:49:19] 
INFO [2024-10-22 17:49:19] $alpha
INFO [2024-10-22 17:49:19] [1] 0.5
INFO [2024-10-22 17:49:19] 
INFO [2024-10-22 17:49:19] $label.col
INFO [2024-10-22 17:49:19] c("black")
INFO [2024-10-22 17:49:19] 
INFO [2024-10-22 17:49:19] $cex
INFO [2024-10-22 17:49:19] [1] 2.5
INFO [2024-10-22 17:49:19] 
INFO [2024-10-22 17:49:19] $fontfamily
INFO [2024-10-22 17:49:19] [1] "serif"
INFO [2024-10-22 17:49:19] 
INFO [2024-10-22 17:49:19] $fontface
INFO [2024-10-22 17:49:19] [1] "bold"
INFO [2024-10-22 17:49:19] 
INFO [2024-10-22 17:49:19] $cat.default.pos
INFO [2024-10-22 17:49:19] [1] "text"
INFO [2024-10-22 17:49:19] 
INFO [2024-10-22 17:49:19] $cat.col
INFO [2024-10-22 17:49:19] c("black")
INFO [2024-10-22 17:49:19] 
INFO [2024-10-22 17:49:19] $cat.cex
INFO [2024-10-22 17:49:19] [1] 3
INFO [2024-10-22 17:49:19] 
INFO [2024-10-22 17:49:19] $cat.fontfamily
INFO [2024-10-22 17:49:19] [1] "serif"
INFO [2024-10-22 17:49:19] 
INFO [2024-10-22 17:49:19] $cat.pos
INFO [2024-10-22 17:49:19] [1] 0
INFO [2024-10-22 17:49:19] 
INFO [2024-10-22 17:49:19] $euler.d
INFO [2024-10-22 17:49:19] euler
INFO [2024-10-22 17:49:19] 
INFO [2024-10-22 17:49:19] $scaled
INFO [2024-10-22 17:49:19] euler
INFO [2024-10-22 17:49:19] 
