INFO [2024-10-22 21:47:42] $x
INFO [2024-10-22 21:47:42] temp
INFO [2024-10-22 21:47:42] 
INFO [2024-10-22 21:47:42] $sp.cases
INFO [2024-10-22 21:47:42] special
INFO [2024-10-22 21:47:42] 
INFO [2024-10-22 21:47:42] $filename
INFO [2024-10-22 21:47:42] NULL
INFO [2024-10-22 21:47:42] 
INFO [2024-10-22 21:47:42] $col
INFO [2024-10-22 21:47:42] [1] "black"
INFO [2024-10-22 21:47:42] 
INFO [2024-10-22 21:47:42] $fill
INFO [2024-10-22 21:47:42] c(colors[1], colors[4], colors[2], colors[3])
INFO [2024-10-22 21:47:42] 
INFO [2024-10-22 21:47:42] $alpha
INFO [2024-10-22 21:47:42] [1] 0.5
INFO [2024-10-22 21:47:42] 
INFO [2024-10-22 21:47:42] $label.col
INFO [2024-10-22 21:47:42] c("black")
INFO [2024-10-22 21:47:42] 
INFO [2024-10-22 21:47:42] $cex
INFO [2024-10-22 21:47:42] [1] 2.5
INFO [2024-10-22 21:47:42] 
INFO [2024-10-22 21:47:42] $fontfamily
INFO [2024-10-22 21:47:42] [1] "serif"
INFO [2024-10-22 21:47:42] 
INFO [2024-10-22 21:47:42] $fontface
INFO [2024-10-22 21:47:42] [1] "bold"
INFO [2024-10-22 21:47:42] 
INFO [2024-10-22 21:47:42] $cat.default.pos
INFO [2024-10-22 21:47:42] [1] "text"
INFO [2024-10-22 21:47:42] 
INFO [2024-10-22 21:47:42] $cat.col
INFO [2024-10-22 21:47:42] c("black")
INFO [2024-10-22 21:47:42] 
INFO [2024-10-22 21:47:42] $cat.cex
INFO [2024-10-22 21:47:42] [1] 3
INFO [2024-10-22 21:47:42] 
INFO [2024-10-22 21:47:42] $cat.fontfamily
INFO [2024-10-22 21:47:42] [1] "serif"
INFO [2024-10-22 21:47:42] 
INFO [2024-10-22 21:47:42] $cat.pos
INFO [2024-10-22 21:47:42] [1] 0
INFO [2024-10-22 21:47:42] 
INFO [2024-10-22 21:47:42] $euler.d
INFO [2024-10-22 21:47:42] euler
INFO [2024-10-22 21:47:42] 
INFO [2024-10-22 21:47:42] $scaled
INFO [2024-10-22 21:47:42] euler
INFO [2024-10-22 21:47:42] 
