INFO [2024-10-22 19:54:24] $x
INFO [2024-10-22 19:54:24] temp
INFO [2024-10-22 19:54:24] 
INFO [2024-10-22 19:54:24] $sp.cases
INFO [2024-10-22 19:54:24] special
INFO [2024-10-22 19:54:24] 
INFO [2024-10-22 19:54:24] $filename
INFO [2024-10-22 19:54:24] NULL
INFO [2024-10-22 19:54:24] 
INFO [2024-10-22 19:54:24] $col
INFO [2024-10-22 19:54:24] [1] "black"
INFO [2024-10-22 19:54:24] 
INFO [2024-10-22 19:54:24] $fill
INFO [2024-10-22 19:54:24] c(colors[1], colors[2], colors[3])
INFO [2024-10-22 19:54:24] 
INFO [2024-10-22 19:54:24] $alpha
INFO [2024-10-22 19:54:24] [1] 0.5
INFO [2024-10-22 19:54:24] 
INFO [2024-10-22 19:54:24] $label.col
INFO [2024-10-22 19:54:24] c("black", "white", "black", "white", "white", "white", "black")
INFO [2024-10-22 19:54:24] 
INFO [2024-10-22 19:54:24] $cex
INFO [2024-10-22 19:54:24] [1] 2.5
INFO [2024-10-22 19:54:24] 
INFO [2024-10-22 19:54:24] $fontfamily
INFO [2024-10-22 19:54:24] [1] "serif"
INFO [2024-10-22 19:54:24] 
INFO [2024-10-22 19:54:24] $fontface
INFO [2024-10-22 19:54:24] [1] "bold"
INFO [2024-10-22 19:54:24] 
INFO [2024-10-22 19:54:24] $cat.default.pos
INFO [2024-10-22 19:54:24] [1] "text"
INFO [2024-10-22 19:54:24] 
INFO [2024-10-22 19:54:24] $cat.col
INFO [2024-10-22 19:54:24] c("black", "black", "black")
INFO [2024-10-22 19:54:24] 
INFO [2024-10-22 19:54:24] $cat.cex
INFO [2024-10-22 19:54:24] [1] 2.5
INFO [2024-10-22 19:54:24] 
INFO [2024-10-22 19:54:24] $cat.fontfamily
INFO [2024-10-22 19:54:24] [1] "serif"
INFO [2024-10-22 19:54:24] 
INFO [2024-10-22 19:54:24] $cat.dist
INFO [2024-10-22 19:54:24] c(0.06, 0.06, 0.03)
INFO [2024-10-22 19:54:24] 
INFO [2024-10-22 19:54:24] $cat.pos
INFO [2024-10-22 19:54:24] [1] 0
INFO [2024-10-22 19:54:24] 
INFO [2024-10-22 19:54:24] $euler.d
INFO [2024-10-22 19:54:24] euler
INFO [2024-10-22 19:54:24] 
INFO [2024-10-22 19:54:24] $scaled
INFO [2024-10-22 19:54:24] euler
INFO [2024-10-22 19:54:24] 
