INFO [2024-10-22 21:20:20] $x
INFO [2024-10-22 21:20:20] temp
INFO [2024-10-22 21:20:20] 
INFO [2024-10-22 21:20:20] $sp.cases
INFO [2024-10-22 21:20:20] special
INFO [2024-10-22 21:20:20] 
INFO [2024-10-22 21:20:20] $filename
INFO [2024-10-22 21:20:20] NULL
INFO [2024-10-22 21:20:20] 
INFO [2024-10-22 21:20:20] $col
INFO [2024-10-22 21:20:20] [1] "black"
INFO [2024-10-22 21:20:20] 
INFO [2024-10-22 21:20:20] $fill
INFO [2024-10-22 21:20:20] c(colors[1], colors[4], colors[2], colors[3])
INFO [2024-10-22 21:20:20] 
INFO [2024-10-22 21:20:20] $alpha
INFO [2024-10-22 21:20:20] [1] 0.5
INFO [2024-10-22 21:20:20] 
INFO [2024-10-22 21:20:20] $label.col
INFO [2024-10-22 21:20:20] c("black")
INFO [2024-10-22 21:20:20] 
INFO [2024-10-22 21:20:20] $cex
INFO [2024-10-22 21:20:20] [1] 2.5
INFO [2024-10-22 21:20:20] 
INFO [2024-10-22 21:20:20] $fontfamily
INFO [2024-10-22 21:20:20] [1] "serif"
INFO [2024-10-22 21:20:20] 
INFO [2024-10-22 21:20:20] $fontface
INFO [2024-10-22 21:20:20] [1] "bold"
INFO [2024-10-22 21:20:20] 
INFO [2024-10-22 21:20:20] $cat.default.pos
INFO [2024-10-22 21:20:20] [1] "text"
INFO [2024-10-22 21:20:20] 
INFO [2024-10-22 21:20:20] $cat.col
INFO [2024-10-22 21:20:20] c("black")
INFO [2024-10-22 21:20:20] 
INFO [2024-10-22 21:20:20] $cat.cex
INFO [2024-10-22 21:20:20] [1] 3
INFO [2024-10-22 21:20:20] 
INFO [2024-10-22 21:20:20] $cat.fontfamily
INFO [2024-10-22 21:20:20] [1] "serif"
INFO [2024-10-22 21:20:20] 
INFO [2024-10-22 21:20:20] $cat.pos
INFO [2024-10-22 21:20:20] [1] 0
INFO [2024-10-22 21:20:20] 
INFO [2024-10-22 21:20:20] $euler.d
INFO [2024-10-22 21:20:20] euler
INFO [2024-10-22 21:20:20] 
INFO [2024-10-22 21:20:20] $scaled
INFO [2024-10-22 21:20:20] euler
INFO [2024-10-22 21:20:20] 
