INFO [2024-10-22 19:42:16] $x
INFO [2024-10-22 19:42:16] temp
INFO [2024-10-22 19:42:16] 
INFO [2024-10-22 19:42:16] $sp.cases
INFO [2024-10-22 19:42:16] special
INFO [2024-10-22 19:42:16] 
INFO [2024-10-22 19:42:16] $filename
INFO [2024-10-22 19:42:16] NULL
INFO [2024-10-22 19:42:16] 
INFO [2024-10-22 19:42:16] $col
INFO [2024-10-22 19:42:16] [1] "black"
INFO [2024-10-22 19:42:16] 
INFO [2024-10-22 19:42:16] $fill
INFO [2024-10-22 19:42:16] c(colors[1], colors[4], colors[2], colors[3])
INFO [2024-10-22 19:42:16] 
INFO [2024-10-22 19:42:16] $alpha
INFO [2024-10-22 19:42:16] [1] 0.5
INFO [2024-10-22 19:42:16] 
INFO [2024-10-22 19:42:16] $label.col
INFO [2024-10-22 19:42:16] c("black")
INFO [2024-10-22 19:42:16] 
INFO [2024-10-22 19:42:16] $cex
INFO [2024-10-22 19:42:16] [1] 2.5
INFO [2024-10-22 19:42:16] 
INFO [2024-10-22 19:42:16] $fontfamily
INFO [2024-10-22 19:42:16] [1] "serif"
INFO [2024-10-22 19:42:16] 
INFO [2024-10-22 19:42:16] $fontface
INFO [2024-10-22 19:42:16] [1] "bold"
INFO [2024-10-22 19:42:16] 
INFO [2024-10-22 19:42:16] $cat.default.pos
INFO [2024-10-22 19:42:16] [1] "text"
INFO [2024-10-22 19:42:16] 
INFO [2024-10-22 19:42:16] $cat.col
INFO [2024-10-22 19:42:16] c("black")
INFO [2024-10-22 19:42:16] 
INFO [2024-10-22 19:42:16] $cat.cex
INFO [2024-10-22 19:42:16] [1] 3
INFO [2024-10-22 19:42:16] 
INFO [2024-10-22 19:42:16] $cat.fontfamily
INFO [2024-10-22 19:42:16] [1] "serif"
INFO [2024-10-22 19:42:16] 
INFO [2024-10-22 19:42:16] $cat.pos
INFO [2024-10-22 19:42:16] [1] 0
INFO [2024-10-22 19:42:16] 
INFO [2024-10-22 19:42:16] $euler.d
INFO [2024-10-22 19:42:16] euler
INFO [2024-10-22 19:42:16] 
INFO [2024-10-22 19:42:16] $scaled
INFO [2024-10-22 19:42:16] euler
INFO [2024-10-22 19:42:16] 
