INFO [2024-10-22 17:49:40] $x
INFO [2024-10-22 17:49:40] temp
INFO [2024-10-22 17:49:40] 
INFO [2024-10-22 17:49:40] $sp.cases
INFO [2024-10-22 17:49:40] special
INFO [2024-10-22 17:49:40] 
INFO [2024-10-22 17:49:40] $filename
INFO [2024-10-22 17:49:40] NULL
INFO [2024-10-22 17:49:40] 
INFO [2024-10-22 17:49:40] $col
INFO [2024-10-22 17:49:40] [1] "black"
INFO [2024-10-22 17:49:40] 
INFO [2024-10-22 17:49:40] $fill
INFO [2024-10-22 17:49:40] c(colors[1], colors[4], colors[2], colors[3])
INFO [2024-10-22 17:49:40] 
INFO [2024-10-22 17:49:40] $alpha
INFO [2024-10-22 17:49:40] [1] 0.5
INFO [2024-10-22 17:49:40] 
INFO [2024-10-22 17:49:40] $label.col
INFO [2024-10-22 17:49:40] c("black")
INFO [2024-10-22 17:49:40] 
INFO [2024-10-22 17:49:40] $cex
INFO [2024-10-22 17:49:40] [1] 2.5
INFO [2024-10-22 17:49:40] 
INFO [2024-10-22 17:49:40] $fontfamily
INFO [2024-10-22 17:49:40] [1] "serif"
INFO [2024-10-22 17:49:40] 
INFO [2024-10-22 17:49:40] $fontface
INFO [2024-10-22 17:49:40] [1] "bold"
INFO [2024-10-22 17:49:40] 
INFO [2024-10-22 17:49:40] $cat.default.pos
INFO [2024-10-22 17:49:40] [1] "text"
INFO [2024-10-22 17:49:40] 
INFO [2024-10-22 17:49:40] $cat.col
INFO [2024-10-22 17:49:40] c("black")
INFO [2024-10-22 17:49:40] 
INFO [2024-10-22 17:49:40] $cat.cex
INFO [2024-10-22 17:49:40] [1] 3
INFO [2024-10-22 17:49:40] 
INFO [2024-10-22 17:49:40] $cat.fontfamily
INFO [2024-10-22 17:49:40] [1] "serif"
INFO [2024-10-22 17:49:40] 
INFO [2024-10-22 17:49:40] $cat.pos
INFO [2024-10-22 17:49:40] [1] 0
INFO [2024-10-22 17:49:40] 
INFO [2024-10-22 17:49:40] $euler.d
INFO [2024-10-22 17:49:40] euler
INFO [2024-10-22 17:49:40] 
INFO [2024-10-22 17:49:40] $scaled
INFO [2024-10-22 17:49:40] euler
INFO [2024-10-22 17:49:40] 
