INFO [2024-10-22 19:42:19] $x
INFO [2024-10-22 19:42:19] temp
INFO [2024-10-22 19:42:19] 
INFO [2024-10-22 19:42:19] $sp.cases
INFO [2024-10-22 19:42:19] special
INFO [2024-10-22 19:42:19] 
INFO [2024-10-22 19:42:19] $filename
INFO [2024-10-22 19:42:19] NULL
INFO [2024-10-22 19:42:19] 
INFO [2024-10-22 19:42:19] $col
INFO [2024-10-22 19:42:19] [1] "black"
INFO [2024-10-22 19:42:19] 
INFO [2024-10-22 19:42:19] $fill
INFO [2024-10-22 19:42:19] c(colors[1], colors[2], colors[3])
INFO [2024-10-22 19:42:19] 
INFO [2024-10-22 19:42:19] $alpha
INFO [2024-10-22 19:42:19] [1] 0.5
INFO [2024-10-22 19:42:19] 
INFO [2024-10-22 19:42:19] $label.col
INFO [2024-10-22 19:42:19] c("black", "white", "black", "white", "white", "white", "black")
INFO [2024-10-22 19:42:19] 
INFO [2024-10-22 19:42:19] $cex
INFO [2024-10-22 19:42:19] [1] 2.5
INFO [2024-10-22 19:42:19] 
INFO [2024-10-22 19:42:19] $fontfamily
INFO [2024-10-22 19:42:19] [1] "serif"
INFO [2024-10-22 19:42:19] 
INFO [2024-10-22 19:42:19] $fontface
INFO [2024-10-22 19:42:19] [1] "bold"
INFO [2024-10-22 19:42:19] 
INFO [2024-10-22 19:42:19] $cat.default.pos
INFO [2024-10-22 19:42:19] [1] "text"
INFO [2024-10-22 19:42:19] 
INFO [2024-10-22 19:42:19] $cat.col
INFO [2024-10-22 19:42:19] c("black", "black", "black")
INFO [2024-10-22 19:42:19] 
INFO [2024-10-22 19:42:19] $cat.cex
INFO [2024-10-22 19:42:19] [1] 2.5
INFO [2024-10-22 19:42:19] 
INFO [2024-10-22 19:42:19] $cat.fontfamily
INFO [2024-10-22 19:42:19] [1] "serif"
INFO [2024-10-22 19:42:19] 
INFO [2024-10-22 19:42:19] $cat.dist
INFO [2024-10-22 19:42:19] c(0.06, 0.06, 0.03)
INFO [2024-10-22 19:42:19] 
INFO [2024-10-22 19:42:19] $cat.pos
INFO [2024-10-22 19:42:19] [1] 0
INFO [2024-10-22 19:42:19] 
INFO [2024-10-22 19:42:19] $euler.d
INFO [2024-10-22 19:42:19] euler
INFO [2024-10-22 19:42:19] 
INFO [2024-10-22 19:42:19] $scaled
INFO [2024-10-22 19:42:19] euler
INFO [2024-10-22 19:42:19] 
